<testsuite failures="0" name="src/test/java/features/postapi.feature" skipped="0" tests="1" time="1.479071">
  <testcase classname="src.test.java.features.postapi" name="Create a user with the given data" time="1.479071">
    <system-out>* def requestPayload = .................................................... passed
Given url baseUrl + '/public/v1/users' .................................... passed
And request requestPayload ................................................ passed
When header Authorization = 'Bearer '+ tokenId ............................ passed
When method POST .......................................................... passed
Then status 201 ........................................................... passed
And match $.data.id == '#present' ......................................... passed
And match $.data.name == '#present' ....................................... passed
And match $.data.email == '#present' ...................................... passed</system-out>
  </testcase>
</testsuite>
